#
# There is insufficient memory for the Java Runtime Environment to continue.
# Native memory allocation (mmap) failed to map 171966464 bytes for committing reserved memory.
# Possible reasons:
#   The system is out of physical RAM or swap space
#   In 32 bit mode, the process size limit was hit
# Possible solutions:
#   Reduce memory load on the system
#   Increase physical memory or swap space
#   Check if swap backing store is full
#   Use 64 bit Java on a 64 bit OS
#   Decrease Java heap size (-Xmx/-Xms)
#   Decrease number of Java threads
#   Decrease Java thread stack sizes (-Xss)
#   Set larger code cache with -XX:ReservedCodeCacheSize=
# This output file may be truncated or incomplete.
#
#  Out of Memory Error (os_linux.cpp:2627), pid=17282, tid=0x00007f8bc6363700
#
# JRE version: OpenJDK Runtime Environment (8.0_76-b03) (build 1.8.0_76-release-b03)
# Java VM: OpenJDK 64-Bit Server VM (25.76-b03 mixed mode linux-amd64 compressed oops)
# Failed to write core dump. Core dumps have been disabled. To enable core dumping, try "ulimit -c unlimited" before starting Java again
#

---------------  T H R E A D  ---------------

Current thread (0x00007f8be0077800):  VMThread [stack: 0x00007f8bc6263000,0x00007f8bc6364000] [id=17295]

Stack: [0x00007f8bc6263000,0x00007f8bc6364000],  sp=0x00007f8bc63624c0,  free space=1021k
Native frames: (J=compiled Java code, j=interpreted, Vv=VM code, C=native code)
V  [libjvm.so+0x9d9fcd]  VMError::report_and_die()+0x15d
V  [libjvm.so+0x4b4d4a]  report_vm_out_of_memory(char const*, int, unsigned long, VMErrorType, char const*)+0x8a
V  [libjvm.so+0x845190]  os::pd_commit_memory(char*, unsigned long, unsigned long, bool)+0xf0
V  [libjvm.so+0x83fcbf]  os::commit_memory(char*, unsigned long, unsigned long, bool)+0x1f
V  [libjvm.so+0x8b4d9b]  PSVirtualSpace::expand_by(unsigned long)+0x5b
V  [libjvm.so+0x8b5a10]  PSYoungGen::resize_generation(unsigned long, unsigned long)+0xb0
V  [libjvm.so+0x8b5d2b]  PSYoungGen::resize(unsigned long, unsigned long)+0x1b
V  [libjvm.so+0x8b241c]  PSScavenge::invoke_no_policy()+0xdac
V  [libjvm.so+0x8b2bf8]  PSScavenge::invoke()+0x38
V  [libjvm.so+0x8681f3]  ParallelScavengeHeap::failed_mem_allocate(unsigned long)+0x63
V  [libjvm.so+0x9dba94]  VM_ParallelGCFailedAllocation::doit()+0x84
V  [libjvm.so+0x9dfe47]  VM_Operation::evaluate()+0x47
V  [libjvm.so+0x9de908]  VMThread::evaluate_operation(VM_Operation*)+0x2c8
V  [libjvm.so+0x9ded89]  VMThread::loop()+0x219
V  [libjvm.so+0x9df1d2]  VMThread::run()+0x72
V  [libjvm.so+0x8425b2]  java_start(Thread*)+0xf2

VM_Operation (0x00007f8be6a4b080): ParallelGCFailedAllocation, mode: safepoint, requested by thread 0x00007f8be000a000


---------------  P R O C E S S  ---------------

Java Threads: ( => current thread )
  0x00007f8be00c0800 JavaThread "Service Thread" daemon [_thread_blocked, id=17302, stack(0x00007f8bc5883000,0x00007f8bc5984000)]
  0x00007f8be00bd000 JavaThread "C1 CompilerThread2" daemon [_thread_blocked, id=17301, stack(0x00007f8bc5984000,0x00007f8bc5a85000)]
  0x00007f8be00bb800 JavaThread "C2 CompilerThread1" daemon [_thread_blocked, id=17300, stack(0x00007f8bc5a85000,0x00007f8bc5b86000)]
  0x00007f8be00b8800 JavaThread "C2 CompilerThread0" daemon [_thread_blocked, id=17299, stack(0x00007f8bc5b86000,0x00007f8bc5c87000)]
  0x00007f8be00b7000 JavaThread "Signal Dispatcher" daemon [_thread_blocked, id=17298, stack(0x00007f8bc5c87000,0x00007f8bc5d88000)]
  0x00007f8be0083800 JavaThread "Finalizer" daemon [_thread_blocked, id=17297, stack(0x00007f8bc6061000,0x00007f8bc6162000)]
  0x00007f8be007f000 JavaThread "Reference Handler" daemon [_thread_blocked, id=17296, stack(0x00007f8bc6162000,0x00007f8bc6263000)]
  0x00007f8be000a000 JavaThread "main" [_thread_blocked, id=17289, stack(0x00007f8be694c000,0x00007f8be6a4d000)]

Other Threads:
=>0x00007f8be0077800 VMThread [stack: 0x00007f8bc6263000,0x00007f8bc6364000] [id=17295]
  0x00007f8be00c3000 WatcherThread [stack: 0x00007f8bc5782000,0x00007f8bc5883000] [id=17303]

VM state:at safepoint (normal execution)

VM Mutex/Monitor currently owned by a thread:  ([mutex/lock_event])
[0x00007f8be0006400] Threads_lock - owner thread: 0x00007f8be0077800
[0x00007f8be0006900] Heap_lock - owner thread: 0x00007f8be000a000

Heap:
 PSYoungGen      total 128000K, used 5088K [0x00000000d8000000, 0x00000000e0200000, 0x0000000100000000)
  eden space 122880K, 0% used [0x00000000d8000000,0x00000000d8000000,0x00000000df800000)
  from space 5120K, 99% used [0x00000000df800000,0x00000000dfcf8050,0x00000000dfd00000)
  to   space 5120K, 0% used [0x00000000dfd00000,0x00000000dfd00000,0x00000000e0200000)
 ParOldGen       total 81920K, used 39403K [0x0000000088000000, 0x000000008d000000, 0x00000000d8000000)
  object space 81920K, 48% used [0x0000000088000000,0x000000008a67ac00,0x000000008d000000)
 Metaspace       used 3652K, capacity 5144K, committed 5376K, reserved 1056768K
  class space    used 377K, capacity 456K, committed 512K, reserved 1048576K

Card table byte_map: [0x00007f8bd0245000,0x00007f8bd0606000] byte_map_base: 0x00007f8bcfe05000

Marking Bits: (ParMarkBitMap*) 0x00007f8be5e1b1a0
 Begin Bits: [0x00007f8bcc0c2000, 0x00007f8bcdec2000)
 End Bits:   [0x00007f8bcdec2000, 0x00007f8bcfcc2000)

Polling page: 0x00007f8be6a6b000

CodeCache: size=245760Kb used=3823Kb max_used=3839Kb free=241936Kb
 bounds [0x00007f8bd09c6000, 0x00007f8bd0d96000, 0x00007f8bdf9c6000]
 total_blobs=844 nmethods=598 adapters=161
 compilation: enabled

Compilation events (10 events):
Event: 2,054 Thread 0x00007f8be00bb800 nmethod 401 0x00007f8bd0d3f1d0 code [0x00007f8bd0d3f320, 0x00007f8bd0d3f418]
Event: 2,054 Thread 0x00007f8be00bb800  604   !   4       com.android.dx.cf.direct.DirectClassFile::parse (75 bytes)
Event: 2,054 Thread 0x00007f8be00bb800 nmethod 604 0x00007f8bd0d43510 code [0x00007f8bd0d43660, 0x00007f8bd0d43748]
Event: 2,054 Thread 0x00007f8be00bb800  402       4       java.lang.StringBuilder::toString (17 bytes)
Event: 2,057 Thread 0x00007f8be00bb800 nmethod 402 0x00007f8bd0d4ba50 code [0x00007f8bd0d4bbc0, 0x00007f8bd0d4bf38]
Event: 2,057 Thread 0x00007f8be00bb800  395       4       com.android.dx.cf.code.LocalVariableList$Item::<init> (115 bytes)
Event: 2,058 Thread 0x00007f8be00b8800 nmethod 597 0x00007f8bd0d623d0 code [0x00007f8bd0d62600, 0x00007f8bd0d63ba8]
Event: 2,058 Thread 0x00007f8be00b8800  600       4       java.io.FilterInputStream::read (9 bytes)
Event: 2,058 Thread 0x00007f8be00bb800 nmethod 395 0x00007f8bd0d4b610 code [0x00007f8bd0d4b760, 0x00007f8bd0d4b8f8]
Event: 2,058 Thread 0x00007f8be00b8800 nmethod 600 0x00007f8bd0d6a490 code [0x00007f8bd0d6a5e0, 0x00007f8bd0d6a6a8]

GC Heap History (9 events):
Event: 1,032 GC heap before
{Heap before GC invocations=1 (full 0):
 PSYoungGen      total 35840K, used 30720K [0x00000000d8000000, 0x00000000da800000, 0x0000000100000000)
  eden space 30720K, 100% used [0x00000000d8000000,0x00000000d9e00000,0x00000000d9e00000)
  from space 5120K, 0% used [0x00000000da300000,0x00000000da300000,0x00000000da800000)
  to   space 5120K, 0% used [0x00000000d9e00000,0x00000000d9e00000,0x00000000da300000)
 ParOldGen       total 81920K, used 0K [0x0000000088000000, 0x000000008d000000, 0x00000000d8000000)
  object space 81920K, 0% used [0x0000000088000000,0x0000000088000000,0x000000008d000000)
 Metaspace       used 3578K, capacity 5080K, committed 5376K, reserved 1056768K
  class space    used 372K, capacity 456K, committed 512K, reserved 1048576K
Event: 1,044 GC heap after
Heap after GC invocations=1 (full 0):
 PSYoungGen      total 35840K, used 4338K [0x00000000d8000000, 0x00000000dc600000, 0x0000000100000000)
  eden space 30720K, 0% used [0x00000000d8000000,0x00000000d8000000,0x00000000d9e00000)
  from space 5120K, 84% used [0x00000000d9e00000,0x00000000da23ca98,0x00000000da300000)
  to   space 5120K, 0% used [0x00000000dc100000,0x00000000dc100000,0x00000000dc600000)
 ParOldGen       total 81920K, used 8K [0x0000000088000000, 0x000000008d000000, 0x00000000d8000000)
  object space 81920K, 0% used [0x0000000088000000,0x0000000088002000,0x000000008d000000)
 Metaspace       used 3578K, capacity 5080K, committed 5376K, reserved 1056768K
  class space    used 372K, capacity 456K, committed 512K, reserved 1048576K
}
Event: 1,188 GC heap before
{Heap before GC invocations=2 (full 0):
 PSYoungGen      total 35840K, used 35058K [0x00000000d8000000, 0x00000000dc600000, 0x0000000100000000)
  eden space 30720K, 100% used [0x00000000d8000000,0x00000000d9e00000,0x00000000d9e00000)
  from space 5120K, 84% used [0x00000000d9e00000,0x00000000da23ca98,0x00000000da300000)
  to   space 5120K, 0% used [0x00000000dc100000,0x00000000dc100000,0x00000000dc600000)
 ParOldGen       total 81920K, used 8K [0x0000000088000000, 0x000000008d000000, 0x00000000d8000000)
  object space 81920K, 0% used [0x0000000088000000,0x0000000088002000,0x000000008d000000)
 Metaspace       used 3637K, capacity 5144K, committed 5376K, reserved 1056768K
  class space    used 376K, capacity 456K, committed 512K, reserved 1048576K
Event: 1,196 GC heap after
Heap after GC invocations=2 (full 0):
 PSYoungGen      total 66560K, used 5112K [0x00000000d8000000, 0x00000000dc600000, 0x0000000100000000)
  eden space 61440K, 0% used [0x00000000d8000000,0x00000000d8000000,0x00000000dbc00000)
  from space 5120K, 99% used [0x00000000dc100000,0x00000000dc5fe248,0x00000000dc600000)
  to   space 5120K, 0% used [0x00000000dbc00000,0x00000000dbc00000,0x00000000dc100000)
 ParOldGen       total 81920K, used 674K [0x0000000088000000, 0x000000008d000000, 0x00000000d8000000)
  object space 81920K, 0% used [0x0000000088000000,0x00000000880a8a78,0x000000008d000000)
 Metaspace       used 3637K, capacity 5144K, committed 5376K, reserved 1056768K
  class space    used 376K, capacity 456K, committed 512K, reserved 1048576K
}
Event: 1,409 GC heap before
{Heap before GC invocations=3 (full 0):
 PSYoungGen      total 66560K, used 66552K [0x00000000d8000000, 0x00000000dc600000, 0x0000000100000000)
  eden space 61440K, 100% used [0x00000000d8000000,0x00000000dbc00000,0x00000000dbc00000)
  from space 5120K, 99% used [0x00000000dc100000,0x00000000dc5fe248,0x00000000dc600000)
  to   space 5120K, 0% used [0x00000000dbc00000,0x00000000dbc00000,0x00000000dc100000)
 ParOldGen       total 81920K, used 674K [0x0000000088000000, 0x000000008d000000, 0x00000000d8000000)
  object space 81920K, 0% used [0x0000000088000000,0x00000000880a8a78,0x000000008d000000)
 Metaspace       used 3646K, capacity 5144K, committed 5376K, reserved 1056768K
  class space    used 376K, capacity 456K, committed 512K, reserved 1048576K
Event: 1,441 GC heap after
Heap after GC invocations=3 (full 0):
 PSYoungGen      total 66560K, used 5104K [0x00000000d8000000, 0x00000000e0200000, 0x0000000100000000)
  eden space 61440K, 0% used [0x00000000d8000000,0x00000000d8000000,0x00000000dbc00000)
  from space 5120K, 99% used [0x00000000dbc00000,0x00000000dc0fc040,0x00000000dc100000)
  to   space 5120K, 0% used [0x00000000dfd00000,0x00000000dfd00000,0x00000000e0200000)
 ParOldGen       total 81920K, used 8695K [0x0000000088000000, 0x000000008d000000, 0x00000000d8000000)
  object space 81920K, 10% used [0x0000000088000000,0x000000008887dcd8,0x000000008d000000)
 Metaspace       used 3646K, capacity 5144K, committed 5376K, reserved 1056768K
  class space    used 376K, capacity 456K, committed 512K, reserved 1048576K
}
Event: 1,621 GC heap before
{Heap before GC invocations=4 (full 0):
 PSYoungGen      total 66560K, used 66544K [0x00000000d8000000, 0x00000000e0200000, 0x0000000100000000)
  eden space 61440K, 100% used [0x00000000d8000000,0x00000000dbc00000,0x00000000dbc00000)
  from space 5120K, 99% used [0x00000000dbc00000,0x00000000dc0fc040,0x00000000dc100000)
  to   space 5120K, 0% used [0x00000000dfd00000,0x00000000dfd00000,0x00000000e0200000)
 ParOldGen       total 81920K, used 8695K [0x0000000088000000, 0x000000008d000000, 0x00000000d8000000)
  object space 81920K, 10% used [0x0000000088000000,0x000000008887dcd8,0x000000008d000000)
 Metaspace       used 3647K, capacity 5144K, committed 5376K, reserved 1056768K
  class space    used 376K, capacity 456K, committed 512K, reserved 1048576K
Event: 1,660 GC heap after
Heap after GC invocations=4 (full 0):
 PSYoungGen      total 128000K, used 5108K [0x00000000d8000000, 0x00000000e0200000, 0x0000000100000000)
  eden space 122880K, 0% used [0x00000000d8000000,0x00000000d8000000,0x00000000df800000)
  from space 5120K, 99% used [0x00000000dfd00000,0x00000000e01fd040,0x00000000e0200000)
  to   space 5120K, 0% used [0x00000000df800000,0x00000000df800000,0x00000000dfd00000)
 ParOldGen       total 81920K, used 18440K [0x0000000088000000, 0x000000008d000000, 0x00000000d8000000)
  object space 81920K, 22% used [0x0000000088000000,0x00000000892023d8,0x000000008d000000)
 Metaspace       used 3647K, capacity 5144K, committed 5376K, reserved 1056768K
  class space    used 376K, capacity 456K, committed 512K, reserved 1048576K
}
Event: 2,061 GC heap before
{Heap before GC invocations=5 (full 0):
 PSYoungGen      total 128000K, used 127988K [0x00000000d8000000, 0x00000000e0200000, 0x0000000100000000)
  eden space 122880K, 100% used [0x00000000d8000000,0x00000000df800000,0x00000000df800000)
  from space 5120K, 99% used [0x00000000dfd00000,0x00000000e01fd040,0x00000000e0200000)
  to   space 5120K, 0% used [0x00000000df800000,0x00000000df800000,0x00000000dfd00000)
 ParOldGen       total 81920K, used 18440K [0x0000000088000000, 0x000000008d000000, 0x00000000d8000000)
  object space 81920K, 22% used [0x0000000088000000,0x00000000892023d8,0x000000008d000000)
 Metaspace       used 3652K, capacity 5144K, committed 5376K, reserved 1056768K
  class space    used 377K, capacity 456K, committed 512K, reserved 1048576K

Deoptimization events (4 events):
Event: 0,946 Thread 0x00007f8be000a000 Uncommon trap: reason=unstable_if action=reinterpret pc=0x00007f8bd0b51600 method=java.lang.String.<init>([CII)V @ 18
Event: 0,946 Thread 0x00007f8be000a000 Uncommon trap: reason=unstable_if action=reinterpret pc=0x00007f8bd0b76a4c method=java.lang.String.<init>([CII)V @ 18
Event: 1,147 Thread 0x00007f8be000a000 Uncommon trap: reason=unstable_if action=reinterpret pc=0x00007f8bd0c9e61c method=com.android.dx.cf.direct.StdAttributeFactory.parse0(Lcom/android/dx/cf/direct/DirectClassFile;ILjava/lang/String;IILcom/android/dx/cf/iface/ParseObserver;)Lcom/android/dx/cf
Event: 1,788 Thread 0x00007f8be000a000 Uncommon trap: reason=unstable_if action=reinterpret pc=0x00007f8bd0d04a84 method=com.android.dx.cf.direct.StdAttributeFactory.parse0(Lcom/android/dx/cf/direct/DirectClassFile;ILjava/lang/String;IILcom/android/dx/cf/iface/ParseObserver;)Lcom/android/dx/cf

Internal exceptions (2 events):
Event: 0,355 Thread 0x00007f8be000a000 Exception <a 'java/lang/NoSuchMethodError': Method sun.misc.Unsafe.defineClass(Ljava/lang/String;[BII)Ljava/lang/Class; name or signature does not match> (0x00000000d8007cc0) thrown at [/ssd/Android/AOSP-openjdk/external/jetbrains/jdk/hotspot/src/share/vm
Event: 0,355 Thread 0x00007f8be000a000 Exception <a 'java/lang/NoSuchMethodError': Method sun.misc.Unsafe.prefetchRead(Ljava/lang/Object;J)V name or signature does not match> (0x00000000d8007fa8) thrown at [/ssd/Android/AOSP-openjdk/external/jetbrains/jdk/hotspot/src/share/vm/prims/jni.cpp, li

Events (10 events):
Event: 1,788 Thread 0x00007f8be000a000 Uncommon trap: trap_request=0xffffff65 fr.pc=0x00007f8bd0d04a84
Event: 1,788 Thread 0x00007f8be000a000 DEOPT PACKING pc=0x00007f8bd0d04a84 sp=0x00007f8be6a4b110
Event: 1,788 Thread 0x00007f8be000a000 DEOPT UNPACKING pc=0x00007f8bd09caf69 sp=0x00007f8be6a4b138 mode 2
Event: 1,788 loading class com/android/dx/cf/attrib/AttRuntimeVisibleParameterAnnotations
Event: 1,788 loading class com/android/dx/cf/attrib/AttRuntimeVisibleParameterAnnotations done
Event: 1,788 Executing VM operation: Deoptimize
Event: 1,789 Executing VM operation: Deoptimize done
Event: 1,931 loading class java/util/ArrayList$1
Event: 1,942 loading class java/util/ArrayList$1 done
Event: 2,060 Executing VM operation: ParallelGCFailedAllocation


Dynamic libraries:
00400000-00401000 r-xp 00000000 08:05 263653                             /usr/local/android/jre/bin/java
00600000-00601000 r--p 00000000 08:05 263653                             /usr/local/android/jre/bin/java
00601000-00602000 rw-p 00001000 08:05 263653                             /usr/local/android/jre/bin/java
024d1000-024f2000 rw-p 00000000 00:00 0                                  [heap]
88000000-8d000000 rw-p 00000000 00:00 0 
8d000000-d8000000 ---p 00000000 00:00 0 
d8000000-e0200000 rw-p 00000000 00:00 0 
ea600000-100000000 ---p 00000000 00:00 0 
100000000-100080000 rw-p 00000000 00:00 0 
100080000-140000000 ---p 00000000 00:00 0 
7f8b90000000-7f8b90021000 rw-p 00000000 00:00 0 
7f8b90021000-7f8b94000000 ---p 00000000 00:00 0 
7f8b94000000-7f8b94021000 rw-p 00000000 00:00 0 
7f8b94021000-7f8b98000000 ---p 00000000 00:00 0 
7f8b98000000-7f8b98c7d000 rw-p 00000000 00:00 0 
7f8b98c7d000-7f8b9c000000 ---p 00000000 00:00 0 
7f8b9c000000-7f8b9c92f000 rw-p 00000000 00:00 0 
7f8b9c92f000-7f8ba0000000 ---p 00000000 00:00 0 
7f8ba0000000-7f8ba0021000 rw-p 00000000 00:00 0 
7f8ba0021000-7f8ba4000000 ---p 00000000 00:00 0 
7f8ba4000000-7f8ba52b5000 rw-p 00000000 00:00 0 
7f8ba52b5000-7f8ba8000000 ---p 00000000 00:00 0 
7f8ba8000000-7f8ba8021000 rw-p 00000000 00:00 0 
7f8ba8021000-7f8bac000000 ---p 00000000 00:00 0 
7f8bac000000-7f8bac021000 rw-p 00000000 00:00 0 
7f8bac021000-7f8bb0000000 ---p 00000000 00:00 0 
7f8bb0000000-7f8bb0021000 rw-p 00000000 00:00 0 
7f8bb0021000-7f8bb4000000 ---p 00000000 00:00 0 
7f8bb4000000-7f8bb427d000 rw-p 00000000 00:00 0 
7f8bb427d000-7f8bb8000000 ---p 00000000 00:00 0 
7f8bb8000000-7f8bb8021000 rw-p 00000000 00:00 0 
7f8bb8021000-7f8bbc000000 ---p 00000000 00:00 0 
7f8bc0000000-7f8bc0021000 rw-p 00000000 00:00 0 
7f8bc0021000-7f8bc4000000 ---p 00000000 00:00 0 
7f8bc5691000-7f8bc5782000 r--s 00ad5000 08:05 6292513                    /home/blue/AndroidStudioProjects/Sigap/app/build/intermediates/transforms/jarMerging/debug/jars/1/1f/combined.jar
7f8bc5782000-7f8bc5783000 ---p 00000000 00:00 0 
7f8bc5783000-7f8bc5883000 rw-p 00000000 00:00 0 
7f8bc5883000-7f8bc5886000 ---p 00000000 00:00 0 
7f8bc5886000-7f8bc5984000 rw-p 00000000 00:00 0 
7f8bc5984000-7f8bc5987000 ---p 00000000 00:00 0 
7f8bc5987000-7f8bc5a85000 rw-p 00000000 00:00 0 
7f8bc5a85000-7f8bc5a88000 ---p 00000000 00:00 0 
7f8bc5a88000-7f8bc5b86000 rw-p 00000000 00:00 0 
7f8bc5b86000-7f8bc5b89000 ---p 00000000 00:00 0 
7f8bc5b89000-7f8bc5c87000 rw-p 00000000 00:00 0 
7f8bc5c87000-7f8bc5c8a000 ---p 00000000 00:00 0 
7f8bc5c8a000-7f8bc5d88000 rw-p 00000000 00:00 0 
7f8bc5d88000-7f8bc6061000 r--p 00000000 08:05 2491696                    /usr/lib/locale/locale-archive
7f8bc6061000-7f8bc6064000 ---p 00000000 00:00 0 
7f8bc6064000-7f8bc6162000 rw-p 00000000 00:00 0 
7f8bc6162000-7f8bc6165000 ---p 00000000 00:00 0 
7f8bc6165000-7f8bc6263000 rw-p 00000000 00:00 0 
7f8bc6263000-7f8bc6264000 ---p 00000000 00:00 0 
7f8bc6264000-7f8bc7273000 rw-p 00000000 00:00 0 
7f8bc7273000-7f8bc7440000 r--s 03bec000 08:05 263710                     /usr/local/android/jre/jre/lib/rt.jar
7f8bc7440000-7f8bc7900000 rw-p 00000000 00:00 0 
7f8bc7900000-7f8bc7c40000 ---p 00000000 00:00 0 
7f8bc7c40000-7f8bc8000000 rw-p 00000000 00:00 0 
7f8bc8000000-7f8bc8021000 rw-p 00000000 00:00 0 
7f8bc8021000-7f8bcc000000 ---p 00000000 00:00 0 
7f8bcc016000-7f8bcfcc2000 rw-p 00000000 00:00 0 
7f8bcfcc2000-7f8bcfcc3000 ---p 00000000 00:00 0 
7f8bcfcc3000-7f8bcfdc3000 rw-p 00000000 00:00 0 
7f8bcfdc3000-7f8bcfdc4000 ---p 00000000 00:00 0 
7f8bcfdc4000-7f8bcfec4000 rw-p 00000000 00:00 0 
7f8bcfec4000-7f8bcfec5000 ---p 00000000 00:00 0 
7f8bcfec5000-7f8bcffed000 rw-p 00000000 00:00 0 
7f8bcffed000-7f8bd0245000 ---p 00000000 00:00 0 
7f8bd0245000-7f8bd026d000 rw-p 00000000 00:00 0 
7f8bd026d000-7f8bd04c5000 ---p 00000000 00:00 0 
7f8bd04c5000-7f8bd0506000 rw-p 00000000 00:00 0 
7f8bd0506000-7f8bd0605000 ---p 00000000 00:00 0 
7f8bd0605000-7f8bd0616000 rw-p 00000000 00:00 0 
7f8bd0616000-7f8bd09c6000 ---p 00000000 00:00 0 
7f8bd09c6000-7f8bd0d96000 rwxp 00000000 00:00 0 
7f8bd0d96000-7f8bdf9c6000 ---p 00000000 00:00 0 
7f8bdf9c6000-7f8bdf9e0000 r-xp 00000000 08:05 263737                     /usr/local/android/jre/jre/lib/amd64/libzip.so
7f8bdf9e0000-7f8bdfbe0000 ---p 0001a000 08:05 263737                     /usr/local/android/jre/jre/lib/amd64/libzip.so
7f8bdfbe0000-7f8bdfbe1000 r--p 0001a000 08:05 263737                     /usr/local/android/jre/jre/lib/amd64/libzip.so
7f8bdfbe1000-7f8bdfbe2000 rw-p 0001b000 08:05 263737                     /usr/local/android/jre/jre/lib/amd64/libzip.so
7f8bdfbe2000-7f8bdfbed000 r-xp 00000000 08:05 3419964                    /lib/x86_64-linux-gnu/libnss_files-2.23.so
7f8bdfbed000-7f8bdfdec000 ---p 0000b000 08:05 3419964                    /lib/x86_64-linux-gnu/libnss_files-2.23.so
7f8bdfdec000-7f8bdfded000 r--p 0000a000 08:05 3419964                    /lib/x86_64-linux-gnu/libnss_files-2.23.so
7f8bdfded000-7f8bdfdee000 rw-p 0000b000 08:05 3419964                    /lib/x86_64-linux-gnu/libnss_files-2.23.so
7f8bdfdee000-7f8bdfdf4000 rw-p 00000000 00:00 0 
7f8bdfdf4000-7f8bdfdff000 r-xp 00000000 08:05 3419961                    /lib/x86_64-linux-gnu/libnss_nis-2.23.so
7f8bdfdff000-7f8bdfffe000 ---p 0000b000 08:05 3419961                    /lib/x86_64-linux-gnu/libnss_nis-2.23.so
7f8bdfffe000-7f8bdffff000 r--p 0000a000 08:05 3419961                    /lib/x86_64-linux-gnu/libnss_nis-2.23.so
7f8bdffff000-7f8be0000000 rw-p 0000b000 08:05 3419961                    /lib/x86_64-linux-gnu/libnss_nis-2.23.so
7f8be0000000-7f8be0395000 rw-p 00000000 00:00 0 
7f8be0395000-7f8be4000000 ---p 00000000 00:00 0 
7f8be4020000-7f8be40e3000 rw-p 00000000 00:00 0 
7f8be40e3000-7f8be40e4000 ---p 00000000 00:00 0 
7f8be40e4000-7f8be41e4000 rw-p 00000000 00:00 0 
7f8be41e4000-7f8be41fa000 r-xp 00000000 08:05 3419959                    /lib/x86_64-linux-gnu/libnsl-2.23.so
7f8be41fa000-7f8be43f9000 ---p 00016000 08:05 3419959                    /lib/x86_64-linux-gnu/libnsl-2.23.so
7f8be43f9000-7f8be43fa000 r--p 00015000 08:05 3419959                    /lib/x86_64-linux-gnu/libnsl-2.23.so
7f8be43fa000-7f8be43fb000 rw-p 00016000 08:05 3419959                    /lib/x86_64-linux-gnu/libnsl-2.23.so
7f8be43fb000-7f8be43fd000 rw-p 00000000 00:00 0 
7f8be43fd000-7f8be4405000 r-xp 00000000 08:05 3419957                    /lib/x86_64-linux-gnu/libnss_compat-2.23.so
7f8be4405000-7f8be4604000 ---p 00008000 08:05 3419957                    /lib/x86_64-linux-gnu/libnss_compat-2.23.so
7f8be4604000-7f8be4605000 r--p 00007000 08:05 3419957                    /lib/x86_64-linux-gnu/libnss_compat-2.23.so
7f8be4605000-7f8be4606000 rw-p 00008000 08:05 3419957                    /lib/x86_64-linux-gnu/libnss_compat-2.23.so
7f8be4606000-7f8be4633000 r-xp 00000000 08:05 263747                     /usr/local/android/jre/jre/lib/amd64/libjava.so
7f8be4633000-7f8be4832000 ---p 0002d000 08:05 263747                     /usr/local/android/jre/jre/lib/amd64/libjava.so
7f8be4832000-7f8be4833000 r--p 0002c000 08:05 263747                     /usr/local/android/jre/jre/lib/amd64/libjava.so
7f8be4833000-7f8be4835000 rw-p 0002d000 08:05 263747                     /usr/local/android/jre/jre/lib/amd64/libjava.so
7f8be4835000-7f8be4845000 r-xp 00000000 08:05 263763                     /usr/local/android/jre/jre/lib/amd64/libverify.so
7f8be4845000-7f8be4a44000 ---p 00010000 08:05 263763                     /usr/local/android/jre/jre/lib/amd64/libverify.so
7f8be4a44000-7f8be4a46000 r--p 0000f000 08:05 263763                     /usr/local/android/jre/jre/lib/amd64/libverify.so
7f8be4a46000-7f8be4a47000 rw-p 00011000 08:05 263763                     /usr/local/android/jre/jre/lib/amd64/libverify.so
7f8be4a47000-7f8be4a4e000 r-xp 00000000 08:05 3419973                    /lib/x86_64-linux-gnu/librt-2.23.so
7f8be4a4e000-7f8be4c4d000 ---p 00007000 08:05 3419973                    /lib/x86_64-linux-gnu/librt-2.23.so
7f8be4c4d000-7f8be4c4e000 r--p 00006000 08:05 3419973                    /lib/x86_64-linux-gnu/librt-2.23.so
7f8be4c4e000-7f8be4c4f000 rw-p 00007000 08:05 3419973                    /lib/x86_64-linux-gnu/librt-2.23.so
7f8be4c4f000-7f8be4d57000 r-xp 00000000 08:05 3419970                    /lib/x86_64-linux-gnu/libm-2.23.so
7f8be4d57000-7f8be4f56000 ---p 00108000 08:05 3419970                    /lib/x86_64-linux-gnu/libm-2.23.so
7f8be4f56000-7f8be4f57000 r--p 00107000 08:05 3419970                    /lib/x86_64-linux-gnu/libm-2.23.so
7f8be4f57000-7f8be4f58000 rw-p 00108000 08:05 3419970                    /lib/x86_64-linux-gnu/libm-2.23.so
7f8be4f58000-7f8be5b3e000 r-xp 00000000 08:05 263767                     /usr/local/android/jre/jre/lib/amd64/server/libjvm.so
7f8be5b3e000-7f8be5d3e000 ---p 00be6000 08:05 263767                     /usr/local/android/jre/jre/lib/amd64/server/libjvm.so
7f8be5d3e000-7f8be5ddd000 r--p 00be6000 08:05 263767                     /usr/local/android/jre/jre/lib/amd64/server/libjvm.so
7f8be5ddd000-7f8be5e06000 rw-p 00c85000 08:05 263767                     /usr/local/android/jre/jre/lib/amd64/server/libjvm.so
7f8be5e06000-7f8be5e48000 rw-p 00000000 00:00 0 
7f8be5e48000-7f8be5e60000 r-xp 00000000 08:05 3419977                    /lib/x86_64-linux-gnu/libpthread-2.23.so
7f8be5e60000-7f8be605f000 ---p 00018000 08:05 3419977                    /lib/x86_64-linux-gnu/libpthread-2.23.so
7f8be605f000-7f8be6060000 r--p 00017000 08:05 3419977                    /lib/x86_64-linux-gnu/libpthread-2.23.so
7f8be6060000-7f8be6061000 rw-p 00018000 08:05 3419977                    /lib/x86_64-linux-gnu/libpthread-2.23.so
7f8be6061000-7f8be6065000 rw-p 00000000 00:00 0 
7f8be6065000-7f8be6068000 r-xp 00000000 08:05 3419979                    /lib/x86_64-linux-gnu/libdl-2.23.so
7f8be6068000-7f8be6267000 ---p 00003000 08:05 3419979                    /lib/x86_64-linux-gnu/libdl-2.23.so
7f8be6267000-7f8be6268000 r--p 00002000 08:05 3419979                    /lib/x86_64-linux-gnu/libdl-2.23.so
7f8be6268000-7f8be6269000 rw-p 00003000 08:05 3419979                    /lib/x86_64-linux-gnu/libdl-2.23.so
7f8be6269000-7f8be6428000 r-xp 00000000 08:05 3419978                    /lib/x86_64-linux-gnu/libc-2.23.so
7f8be6428000-7f8be6628000 ---p 001bf000 08:05 3419978                    /lib/x86_64-linux-gnu/libc-2.23.so
7f8be6628000-7f8be662c000 r--p 001bf000 08:05 3419978                    /lib/x86_64-linux-gnu/libc-2.23.so
7f8be662c000-7f8be662e000 rw-p 001c3000 08:05 3419978                    /lib/x86_64-linux-gnu/libc-2.23.so
7f8be662e000-7f8be6632000 rw-p 00000000 00:00 0 
7f8be6632000-7f8be6648000 r-xp 00000000 08:05 263627                     /usr/local/android/jre/lib/amd64/jli/libjli.so
7f8be6648000-7f8be6847000 ---p 00016000 08:05 263627                     /usr/local/android/jre/lib/amd64/jli/libjli.so
7f8be6847000-7f8be6848000 r--p 00015000 08:05 263627                     /usr/local/android/jre/lib/amd64/jli/libjli.so
7f8be6848000-7f8be6849000 rw-p 00016000 08:05 263627                     /usr/local/android/jre/lib/amd64/jli/libjli.so
7f8be6849000-7f8be686f000 r-xp 00000000 08:05 3419974                    /lib/x86_64-linux-gnu/ld-2.23.so
7f8be687a000-7f8be6882000 r--s 00025000 08:05 5121809                    /home/blue/AndroidStudioProjects/Sigap/app/build/intermediates/multi-dex/debug/componentClasses.jar
7f8be6882000-7f8be694c000 rw-p 00000000 00:00 0 
7f8be694c000-7f8be694f000 ---p 00000000 00:00 0 
7f8be694f000-7f8be6a51000 rw-p 00000000 00:00 0 
7f8be6a54000-7f8be6a62000 r--s 000e0000 08:05 2236092                    /home/blue/Android/Sdk/build-tools/24.0.0/lib/dx.jar
7f8be6a62000-7f8be6a6a000 rw-s 00000000 08:05 2113746                    /tmp/hsperfdata_blue/17282
7f8be6a6a000-7f8be6a6b000 rw-p 00000000 00:00 0 
7f8be6a6b000-7f8be6a6c000 ---p 00000000 00:00 0 
7f8be6a6c000-7f8be6a6e000 rw-p 00000000 00:00 0 
7f8be6a6e000-7f8be6a6f000 r--p 00025000 08:05 3419974                    /lib/x86_64-linux-gnu/ld-2.23.so
7f8be6a6f000-7f8be6a70000 rw-p 00026000 08:05 3419974                    /lib/x86_64-linux-gnu/ld-2.23.so
7f8be6a70000-7f8be6a71000 rw-p 00000000 00:00 0 
7ffce4d98000-7ffce4db9000 rw-p 00000000 00:00 0                          [stack]
7ffce4ddf000-7ffce4de1000 r--p 00000000 00:00 0                          [vvar]
7ffce4de1000-7ffce4de3000 r-xp 00000000 00:00 0                          [vdso]
ffffffffff600000-ffffffffff601000 r-xp 00000000 00:00 0                  [vsyscall]

VM Arguments:
jvm_args: -Djava.awt.headless=true -Dfile.encoding=UTF-8 -Duser.country=US -Duser.language=en -Duser.variant 
java_command: com.android.multidex.ClassReferenceListBuilder /home/blue/AndroidStudioProjects/Sigap/app/build/intermediates/multi-dex/debug/componentClasses.jar /home/blue/AndroidStudioProjects/Sigap/app/build/intermediates/transforms/jarMerging/debug/jars/1/1f/combined.jar
java_class_path (initial): /home/blue/Android/Sdk/build-tools/24.0.0/lib/dx.jar
Launcher Type: SUN_STANDARD

Environment Variables:
JAVA_HOME=/usr/lib/jvm/java-8-oracle
PATH=/usr/local/sbin:/usr/local/bin:/usr/sbin:/usr/bin:/sbin:/bin:/usr/games:/usr/local/games";:/snap/bin:/usr/lib/jvm/java-8-oracle/bin:/usr/lib/jvm/java-8-oracle/db/bin:/usr/lib/jvm/java-8-oracle/jre/bin
LD_LIBRARY_PATH=/usr/local/android/bin:
SHELL=/bin/bash
DISPLAY=:0

Signal Handlers:
SIGSEGV: [libjvm.so+0x9daac0], sa_mask[0]=11111111011111111101111111111110, sa_flags=SA_RESTART|SA_SIGINFO
SIGBUS: [libjvm.so+0x9daac0], sa_mask[0]=11111111011111111101111111111110, sa_flags=SA_RESTART|SA_SIGINFO
SIGFPE: [libjvm.so+0x840d90], sa_mask[0]=11111111011111111101111111111110, sa_flags=SA_RESTART|SA_SIGINFO
SIGPIPE: [libjvm.so+0x840d90], sa_mask[0]=11111111011111111101111111111110, sa_flags=SA_RESTART|SA_SIGINFO
SIGXFSZ: [libjvm.so+0x840d90], sa_mask[0]=11111111011111111101111111111110, sa_flags=SA_RESTART|SA_SIGINFO
SIGILL: [libjvm.so+0x840d90], sa_mask[0]=11111111011111111101111111111110, sa_flags=SA_RESTART|SA_SIGINFO
SIGUSR1: SIG_DFL, sa_mask[0]=00000000000000000000000000000000, sa_flags=none
SIGUSR2: [libjvm.so+0x840c60], sa_mask[0]=00100000000000000000000000000000, sa_flags=SA_RESTART|SA_SIGINFO
SIGHUP: [libjvm.so+0x840e50], sa_mask[0]=11111111011111111101111111111110, sa_flags=SA_RESTART|SA_SIGINFO
SIGINT: [libjvm.so+0x840e50], sa_mask[0]=11111111011111111101111111111110, sa_flags=SA_RESTART|SA_SIGINFO
SIGTERM: [libjvm.so+0x840e50], sa_mask[0]=11111111011111111101111111111110, sa_flags=SA_RESTART|SA_SIGINFO
SIGQUIT: [libjvm.so+0x840e50], sa_mask[0]=11111111011111111101111111111110, sa_flags=SA_RESTART|SA_SIGINFO


---------------  S Y S T E M  ---------------

OS:DISTRIB_ID=Ubuntu
DISTRIB_RELEASE=16.04
DISTRIB_CODENAME=xenial
DISTRIB_DESCRIPTION="Ubuntu 16.04.1 LTS"

uname:Linux 4.4.0-47-generic #68-Ubuntu SMP Wed Oct 26 19:39:52 UTC 2016 x86_64
libc:glibc 2.23 NPTL 2.23 
rlimit: STACK 8192k, CORE 0k, NPROC 30540, NOFILE 65536, AS infinity
load average:1,68 1,49 1,25

/proc/meminfo:
MemTotal:        7858720 kB
MemFree:          125656 kB
MemAvailable:      53412 kB
Buffers:            6312 kB
Cached:           596944 kB
SwapCached:            0 kB
Active:          7077668 kB
Inactive:         465204 kB
Active(anon):    7033800 kB
Inactive(anon):   434632 kB
Active(file):      43868 kB
Inactive(file):    30572 kB
Unevictable:          48 kB
Mlocked:              48 kB
SwapTotal:             0 kB
SwapFree:              0 kB
Dirty:              3272 kB
Writeback:             0 kB
AnonPages:       6939452 kB
Mapped:           265668 kB
Shmem:            528868 kB
Slab:              89724 kB
SReclaimable:      51036 kB
SUnreclaim:        38688 kB
KernelStack:       12656 kB
PageTables:        46776 kB
NFS_Unstable:          0 kB
Bounce:                0 kB
WritebackTmp:          0 kB
CommitLimit:     3929360 kB
Committed_AS:   11161132 kB
VmallocTotal:   34359738367 kB
VmallocUsed:           0 kB
VmallocChunk:          0 kB
HardwareCorrupted:     0 kB
AnonHugePages:   3596288 kB
CmaTotal:              0 kB
CmaFree:               0 kB
HugePages_Total:       0
HugePages_Free:        0
HugePages_Rsvd:        0
HugePages_Surp:        0
Hugepagesize:       2048 kB
DirectMap4k:      156652 kB
DirectMap2M:     7911424 kB


CPU:total 4 (4 cores per cpu, 1 threads per core) family 6 model 58 stepping 9, cmov, cx8, fxsr, mmx, sse, sse2, sse3, ssse3, sse4.1, sse4.2, popcnt, avx, aes, clmul, erms, tsc, tscinvbit, tscinv

/proc/cpuinfo:
processor	: 0
vendor_id	: GenuineIntel
cpu family	: 6
model		: 58
model name	: Intel(R) Core(TM) i5-3330 CPU @ 3.00GHz
stepping	: 9
microcode	: 0x1c
cpu MHz		: 2153.320
cache size	: 6144 KB
physical id	: 0
siblings	: 4
core id		: 0
cpu cores	: 4
apicid		: 0
initial apicid	: 0
fpu		: yes
fpu_exception	: yes
cpuid level	: 13
wp		: yes
flags		: fpu vme de pse tsc msr pae mce cx8 apic sep mtrr pge mca cmov pat pse36 clflush dts acpi mmx fxsr sse sse2 ss ht tm pbe syscall nx rdtscp lm constant_tsc arch_perfmon pebs bts rep_good nopl xtopology nonstop_tsc aperfmperf eagerfpu pni pclmulqdq dtes64 monitor ds_cpl vmx est tm2 ssse3 cx16 xtpr pdcm pcid sse4_1 sse4_2 x2apic popcnt tsc_deadline_timer aes xsave avx f16c rdrand lahf_lm epb tpr_shadow vnmi flexpriority ept vpid fsgsbase smep erms xsaveopt dtherm ida arat pln pts
bugs		:
bogomips	: 5999.92
clflush size	: 64
cache_alignment	: 64
address sizes	: 36 bits physical, 48 bits virtual
power management:

processor	: 1
vendor_id	: GenuineIntel
cpu family	: 6
model		: 58
model name	: Intel(R) Core(TM) i5-3330 CPU @ 3.00GHz
stepping	: 9
microcode	: 0x1c
cpu MHz		: 2000.273
cache size	: 6144 KB
physical id	: 0
siblings	: 4
core id		: 1
cpu cores	: 4
apicid		: 2
initial apicid	: 2
fpu		: yes
fpu_exception	: yes
cpuid level	: 13
wp		: yes
flags		: fpu vme de pse tsc msr pae mce cx8 apic sep mtrr pge mca cmov pat pse36 clflush dts acpi mmx fxsr sse sse2 ss ht tm pbe syscall nx rdtscp lm constant_tsc arch_perfmon pebs bts rep_good nopl xtopology nonstop_tsc aperfmperf eagerfpu pni pclmulqdq dtes64 monitor ds_cpl vmx est tm2 ssse3 cx16 xtpr pdcm pcid sse4_1 sse4_2 x2apic popcnt tsc_deadline_timer aes xsave avx f16c rdrand lahf_lm epb tpr_shadow vnmi flexpriority ept vpid fsgsbase smep erms xsaveopt dtherm ida arat pln pts
bugs		:
bogomips	: 5999.92
clflush size	: 64
cache_alignment	: 64
address sizes	: 36 bits physical, 48 bits virtual
power management:

processor	: 2
vendor_id	: GenuineIntel
cpu family	: 6
model		: 58
model name	: Intel(R) Core(TM) i5-3330 CPU @ 3.00GHz
stepping	: 9
microcode	: 0x1c
cpu MHz		: 2510.273
cache size	: 6144 KB
physical id	: 0
siblings	: 4
core id		: 2
cpu cores	: 4
apicid		: 4
initial apicid	: 4
fpu		: yes
fpu_exception	: yes
cpuid level	: 13
wp		: yes
flags		: fpu vme de pse tsc msr pae mce cx8 apic sep mtrr pge mca cmov pat pse36 clflush dts acpi mmx fxsr sse sse2 ss ht tm pbe syscall nx rdtscp lm constant_tsc arch_perfmon pebs bts rep_good nopl xtopology nonstop_tsc aperfmperf eagerfpu pni pclmulqdq dtes64 monitor ds_cpl vmx est tm2 ssse3 cx16 xtpr pdcm pcid sse4_1 sse4_2 x2apic popcnt tsc_deadline_timer aes xsave avx f16c rdrand lahf_lm epb tpr_shadow vnmi flexpriority ept vpid fsgsbase smep erms xsaveopt dtherm ida arat pln pts
bugs		:
bogomips	: 5999.92
clflush size	: 64
cache_alignment	: 64
address sizes	: 36 bits physical, 48 bits virtual
power management:

processor	: 3
vendor_id	: GenuineIntel
cpu family	: 6
model		: 58
model name	: Intel(R) Core(TM) i5-3330 CPU @ 3.00GHz
stepping	: 9
microcode	: 0x1c
cpu MHz		: 2057.460
cache size	: 6144 KB
physical id	: 0
siblings	: 4
core id		: 3
cpu cores	: 4
apicid		: 6
initial apicid	: 6
fpu		: yes
fpu_exception	: yes
cpuid level	: 13
wp		: yes
flags		: fpu vme de pse tsc msr pae mce cx8 apic sep mtrr pge mca cmov pat pse36 clflush dts acpi mmx fxsr sse sse2 ss ht tm pbe syscall nx rdtscp lm constant_tsc arch_perfmon pebs bts rep_good nopl xtopology nonstop_tsc aperfmperf eagerfpu pni pclmulqdq dtes64 monitor ds_cpl vmx est tm2 ssse3 cx16 xtpr pdcm pcid sse4_1 sse4_2 x2apic popcnt tsc_deadline_timer aes xsave avx f16c rdrand lahf_lm epb tpr_shadow vnmi flexpriority ept vpid fsgsbase smep erms xsaveopt dtherm ida arat pln pts
bugs		:
bogomips	: 5999.92
clflush size	: 64
cache_alignment	: 64
address sizes	: 36 bits physical, 48 bits virtual
power management:



Memory: 4k page, physical 7858720k(125656k free), swap 0k(0k free)

vm_info: OpenJDK 64-Bit Server VM (25.76-b03) for linux-amd64 JRE (1.8.0_76-release-b03), built on Jun 29 2016 09:39:19 by "builder" with gcc 4.8.4

time: Mon Nov 21 10:23:57 2016
elapsed time: 2 seconds (0d 0h 0m 2s)

