#
# There is insufficient memory for the Java Runtime Environment to continue.
# Native memory allocation (mmap) failed to map 171966464 bytes for committing reserved memory.
# Possible reasons:
#   The system is out of physical RAM or swap space
#   In 32 bit mode, the process size limit was hit
# Possible solutions:
#   Reduce memory load on the system
#   Increase physical memory or swap space
#   Check if swap backing store is full
#   Use 64 bit Java on a 64 bit OS
#   Decrease Java heap size (-Xmx/-Xms)
#   Decrease number of Java threads
#   Decrease Java thread stack sizes (-Xss)
#   Set larger code cache with -XX:ReservedCodeCacheSize=
# This output file may be truncated or incomplete.
#
#  Out of Memory Error (os_linux.cpp:2627), pid=31179, tid=0x00007fa86da52700
#
# JRE version: OpenJDK Runtime Environment (8.0_76-b03) (build 1.8.0_76-release-b03)
# Java VM: OpenJDK 64-Bit Server VM (25.76-b03 mixed mode linux-amd64 compressed oops)
# Failed to write core dump. Core dumps have been disabled. To enable core dumping, try "ulimit -c unlimited" before starting Java again
#

---------------  T H R E A D  ---------------

Current thread (0x00007fa880077800):  VMThread [stack: 0x00007fa86d952000,0x00007fa86da53000] [id=31190]

Stack: [0x00007fa86d952000,0x00007fa86da53000],  sp=0x00007fa86da514c0,  free space=1021k
Native frames: (J=compiled Java code, j=interpreted, Vv=VM code, C=native code)
V  [libjvm.so+0x9d9fcd]  VMError::report_and_die()+0x15d
V  [libjvm.so+0x4b4d4a]  report_vm_out_of_memory(char const*, int, unsigned long, VMErrorType, char const*)+0x8a
V  [libjvm.so+0x845190]  os::pd_commit_memory(char*, unsigned long, unsigned long, bool)+0xf0
V  [libjvm.so+0x83fcbf]  os::commit_memory(char*, unsigned long, unsigned long, bool)+0x1f
V  [libjvm.so+0x8b4d9b]  PSVirtualSpace::expand_by(unsigned long)+0x5b
V  [libjvm.so+0x8b5a10]  PSYoungGen::resize_generation(unsigned long, unsigned long)+0xb0
V  [libjvm.so+0x8b5d2b]  PSYoungGen::resize(unsigned long, unsigned long)+0x1b
V  [libjvm.so+0x8b241c]  PSScavenge::invoke_no_policy()+0xdac
V  [libjvm.so+0x8b2bf8]  PSScavenge::invoke()+0x38
V  [libjvm.so+0x8681f3]  ParallelScavengeHeap::failed_mem_allocate(unsigned long)+0x63
V  [libjvm.so+0x9dba94]  VM_ParallelGCFailedAllocation::doit()+0x84
V  [libjvm.so+0x9dfe47]  VM_Operation::evaluate()+0x47
V  [libjvm.so+0x9de908]  VMThread::evaluate_operation(VM_Operation*)+0x2c8
V  [libjvm.so+0x9ded89]  VMThread::loop()+0x219
V  [libjvm.so+0x9df1d2]  VMThread::run()+0x72
V  [libjvm.so+0x8425b2]  java_start(Thread*)+0xf2

VM_Operation (0x00007fa8864f83b0): ParallelGCFailedAllocation, mode: safepoint, requested by thread 0x00007fa88000a000


---------------  P R O C E S S  ---------------

Java Threads: ( => current thread )
  0x00007fa8800c0000 JavaThread "Service Thread" daemon [_thread_blocked, id=31197, stack(0x00007fa86cf72000,0x00007fa86d073000)]
  0x00007fa8800bd000 JavaThread "C1 CompilerThread2" daemon [_thread_blocked, id=31196, stack(0x00007fa86d073000,0x00007fa86d174000)]
  0x00007fa8800bb800 JavaThread "C2 CompilerThread1" daemon [_thread_blocked, id=31195, stack(0x00007fa86d174000,0x00007fa86d275000)]
  0x00007fa8800b8800 JavaThread "C2 CompilerThread0" daemon [_thread_blocked, id=31194, stack(0x00007fa86d275000,0x00007fa86d376000)]
  0x00007fa8800b7000 JavaThread "Signal Dispatcher" daemon [_thread_blocked, id=31193, stack(0x00007fa86d376000,0x00007fa86d477000)]
  0x00007fa880083800 JavaThread "Finalizer" daemon [_thread_blocked, id=31192, stack(0x00007fa86d750000,0x00007fa86d851000)]
  0x00007fa88007f000 JavaThread "Reference Handler" daemon [_thread_blocked, id=31191, stack(0x00007fa86d851000,0x00007fa86d952000)]
  0x00007fa88000a000 JavaThread "main" [_thread_blocked, id=31185, stack(0x00007fa8863f9000,0x00007fa8864fa000)]

Other Threads:
=>0x00007fa880077800 VMThread [stack: 0x00007fa86d952000,0x00007fa86da53000] [id=31190]
  0x00007fa8800c2800 WatcherThread [stack: 0x00007fa86ce71000,0x00007fa86cf72000] [id=31198]

VM state:at safepoint (normal execution)

VM Mutex/Monitor currently owned by a thread:  ([mutex/lock_event])
[0x00007fa880006400] Threads_lock - owner thread: 0x00007fa880077800
[0x00007fa880006900] Heap_lock - owner thread: 0x00007fa88000a000

Heap:
 PSYoungGen      total 128000K, used 5104K [0x00000000d8000000, 0x00000000e0200000, 0x0000000100000000)
  eden space 122880K, 0% used [0x00000000d8000000,0x00000000d8000000,0x00000000df800000)
  from space 5120K, 99% used [0x00000000df800000,0x00000000dfcfc040,0x00000000dfd00000)
  to   space 5120K, 0% used [0x00000000dfd00000,0x00000000dfd00000,0x00000000e0200000)
 ParOldGen       total 81920K, used 39498K [0x0000000088000000, 0x000000008d000000, 0x00000000d8000000)
  object space 81920K, 48% used [0x0000000088000000,0x000000008a692820,0x000000008d000000)
 Metaspace       used 3664K, capacity 5144K, committed 5376K, reserved 1056768K
  class space    used 377K, capacity 456K, committed 512K, reserved 1048576K

Card table byte_map: [0x00007fa86fe23000,0x00007fa8701e4000] byte_map_base: 0x00007fa86f9e3000

Marking Bits: (ParMarkBitMap*) 0x00007fa8858c81a0
 Begin Bits: [0x00007fa85c400000, 0x00007fa85e200000)
 End Bits:   [0x00007fa85e200000, 0x00007fa860000000)

Polling page: 0x00007fa886518000

CodeCache: size=245760Kb used=3854Kb max_used=3874Kb free=241905Kb
 bounds [0x00007fa8705a4000, 0x00007fa870974000, 0x00007fa87f5a4000]
 total_blobs=848 nmethods=602 adapters=161
 compilation: enabled

Compilation events (10 events):
Event: 2,017 Thread 0x00007fa8800b8800 nmethod 609 0x00007fa87092e110 code [0x00007fa87092e260, 0x00007fa87092e328]
Event: 2,017 Thread 0x00007fa8800b8800  610       4       com.android.dx.cf.direct.DirectClassFile::getAttributes (9 bytes)
Event: 2,018 Thread 0x00007fa8800b8800 nmethod 610 0x00007fa87092dd50 code [0x00007fa87092dea0, 0x00007fa87092df88]
Event: 2,018 Thread 0x00007fa8800b8800  611   !   4       com.android.dx.cf.direct.DirectClassFile::parse (75 bytes)
Event: 2,019 Thread 0x00007fa8800b8800 nmethod 611 0x00007fa870958490 code [0x00007fa8709585e0, 0x00007fa8709586c8]
Event: 2,020 Thread 0x00007fa8800b8800  612       4       com.android.dx.cf.attrib.AttInnerClasses::byteLength (14 bytes)
Event: 2,020 Thread 0x00007fa8800b8800 nmethod 612 0x00007fa8709581d0 code [0x00007fa870958320, 0x00007fa8709583b8]
Event: 2,023 Thread 0x00007fa8800b8800  613       4       com.android.dx.cf.attrib.AttExceptions::byteLength (15 bytes)
Event: 2,024 Thread 0x00007fa8800b8800 nmethod 613 0x00007fa870957f10 code [0x00007fa870958060, 0x00007fa8709580f8]
Event: 2,026 Thread 0x00007fa8800bb800 nmethod 607 0x00007fa87096bb50 code [0x00007fa87096c000, 0x00007fa87096e390]

GC Heap History (9 events):
Event: 0,936 GC heap before
{Heap before GC invocations=1 (full 0):
 PSYoungGen      total 35840K, used 30720K [0x00000000d8000000, 0x00000000da800000, 0x0000000100000000)
  eden space 30720K, 100% used [0x00000000d8000000,0x00000000d9e00000,0x00000000d9e00000)
  from space 5120K, 0% used [0x00000000da300000,0x00000000da300000,0x00000000da800000)
  to   space 5120K, 0% used [0x00000000d9e00000,0x00000000d9e00000,0x00000000da300000)
 ParOldGen       total 81920K, used 0K [0x0000000088000000, 0x000000008d000000, 0x00000000d8000000)
  object space 81920K, 0% used [0x0000000088000000,0x0000000088000000,0x000000008d000000)
 Metaspace       used 3598K, capacity 5080K, committed 5376K, reserved 1056768K
  class space    used 372K, capacity 456K, committed 512K, reserved 1048576K
Event: 0,958 GC heap after
Heap after GC invocations=1 (full 0):
 PSYoungGen      total 35840K, used 4323K [0x00000000d8000000, 0x00000000dc600000, 0x0000000100000000)
  eden space 30720K, 0% used [0x00000000d8000000,0x00000000d8000000,0x00000000d9e00000)
  from space 5120K, 84% used [0x00000000d9e00000,0x00000000da238fc8,0x00000000da300000)
  to   space 5120K, 0% used [0x00000000dc100000,0x00000000dc100000,0x00000000dc600000)
 ParOldGen       total 81920K, used 8K [0x0000000088000000, 0x000000008d000000, 0x00000000d8000000)
  object space 81920K, 0% used [0x0000000088000000,0x0000000088002000,0x000000008d000000)
 Metaspace       used 3598K, capacity 5080K, committed 5376K, reserved 1056768K
  class space    used 372K, capacity 456K, committed 512K, reserved 1048576K
}
Event: 1,105 GC heap before
{Heap before GC invocations=2 (full 0):
 PSYoungGen      total 35840K, used 35043K [0x00000000d8000000, 0x00000000dc600000, 0x0000000100000000)
  eden space 30720K, 100% used [0x00000000d8000000,0x00000000d9e00000,0x00000000d9e00000)
  from space 5120K, 84% used [0x00000000d9e00000,0x00000000da238fc8,0x00000000da300000)
  to   space 5120K, 0% used [0x00000000dc100000,0x00000000dc100000,0x00000000dc600000)
 ParOldGen       total 81920K, used 8K [0x0000000088000000, 0x000000008d000000, 0x00000000d8000000)
  object space 81920K, 0% used [0x0000000088000000,0x0000000088002000,0x000000008d000000)
 Metaspace       used 3650K, capacity 5144K, committed 5376K, reserved 1056768K
  class space    used 376K, capacity 456K, committed 512K, reserved 1048576K
Event: 1,122 GC heap after
Heap after GC invocations=2 (full 0):
 PSYoungGen      total 66560K, used 5094K [0x00000000d8000000, 0x00000000dc600000, 0x0000000100000000)
  eden space 61440K, 0% used [0x00000000d8000000,0x00000000d8000000,0x00000000dbc00000)
  from space 5120K, 99% used [0x00000000dc100000,0x00000000dc5f9a10,0x00000000dc600000)
  to   space 5120K, 0% used [0x00000000dbc00000,0x00000000dbc00000,0x00000000dc100000)
 ParOldGen       total 81920K, used 720K [0x0000000088000000, 0x000000008d000000, 0x00000000d8000000)
  object space 81920K, 0% used [0x0000000088000000,0x00000000880b43e0,0x000000008d000000)
 Metaspace       used 3650K, capacity 5144K, committed 5376K, reserved 1056768K
  class space    used 376K, capacity 456K, committed 512K, reserved 1048576K
}
Event: 1,390 GC heap before
{Heap before GC invocations=3 (full 0):
 PSYoungGen      total 66560K, used 66534K [0x00000000d8000000, 0x00000000dc600000, 0x0000000100000000)
  eden space 61440K, 100% used [0x00000000d8000000,0x00000000dbc00000,0x00000000dbc00000)
  from space 5120K, 99% used [0x00000000dc100000,0x00000000dc5f9a10,0x00000000dc600000)
  to   space 5120K, 0% used [0x00000000dbc00000,0x00000000dbc00000,0x00000000dc100000)
 ParOldGen       total 81920K, used 720K [0x0000000088000000, 0x000000008d000000, 0x00000000d8000000)
  object space 81920K, 0% used [0x0000000088000000,0x00000000880b43e0,0x000000008d000000)
 Metaspace       used 3658K, capacity 5144K, committed 5376K, reserved 1056768K
  class space    used 376K, capacity 456K, committed 512K, reserved 1048576K
Event: 1,420 GC heap after
Heap after GC invocations=3 (full 0):
 PSYoungGen      total 66560K, used 5104K [0x00000000d8000000, 0x00000000e0200000, 0x0000000100000000)
  eden space 61440K, 0% used [0x00000000d8000000,0x00000000d8000000,0x00000000dbc00000)
  from space 5120K, 99% used [0x00000000dbc00000,0x00000000dc0fc040,0x00000000dc100000)
  to   space 5120K, 0% used [0x00000000dfd00000,0x00000000dfd00000,0x00000000e0200000)
 ParOldGen       total 81920K, used 8712K [0x0000000088000000, 0x000000008d000000, 0x00000000d8000000)
  object space 81920K, 10% used [0x0000000088000000,0x00000000888820d8,0x000000008d000000)
 Metaspace       used 3658K, capacity 5144K, committed 5376K, reserved 1056768K
  class space    used 376K, capacity 456K, committed 512K, reserved 1048576K
}
Event: 1,597 GC heap before
{Heap before GC invocations=4 (full 0):
 PSYoungGen      total 66560K, used 66544K [0x00000000d8000000, 0x00000000e0200000, 0x0000000100000000)
  eden space 61440K, 100% used [0x00000000d8000000,0x00000000dbc00000,0x00000000dbc00000)
  from space 5120K, 99% used [0x00000000dbc00000,0x00000000dc0fc040,0x00000000dc100000)
  to   space 5120K, 0% used [0x00000000dfd00000,0x00000000dfd00000,0x00000000e0200000)
 ParOldGen       total 81920K, used 8712K [0x0000000088000000, 0x000000008d000000, 0x00000000d8000000)
  object space 81920K, 10% used [0x0000000088000000,0x00000000888820d8,0x000000008d000000)
 Metaspace       used 3659K, capacity 5144K, committed 5376K, reserved 1056768K
  class space    used 376K, capacity 456K, committed 512K, reserved 1048576K
Event: 1,632 GC heap after
Heap after GC invocations=4 (full 0):
 PSYoungGen      total 128000K, used 5088K [0x00000000d8000000, 0x00000000e0200000, 0x0000000100000000)
  eden space 122880K, 0% used [0x00000000d8000000,0x00000000d8000000,0x00000000df800000)
  from space 5120K, 99% used [0x00000000dfd00000,0x00000000e01f8030,0x00000000e0200000)
  to   space 5120K, 0% used [0x00000000df800000,0x00000000df800000,0x00000000dfd00000)
 ParOldGen       total 81920K, used 18556K [0x0000000088000000, 0x000000008d000000, 0x00000000d8000000)
  object space 81920K, 22% used [0x0000000088000000,0x000000008921f068,0x000000008d000000)
 Metaspace       used 3659K, capacity 5144K, committed 5376K, reserved 1056768K
  class space    used 376K, capacity 456K, committed 512K, reserved 1048576K
}
Event: 2,029 GC heap before
{Heap before GC invocations=5 (full 0):
 PSYoungGen      total 128000K, used 127968K [0x00000000d8000000, 0x00000000e0200000, 0x0000000100000000)
  eden space 122880K, 100% used [0x00000000d8000000,0x00000000df800000,0x00000000df800000)
  from space 5120K, 99% used [0x00000000dfd00000,0x00000000e01f8030,0x00000000e0200000)
  to   space 5120K, 0% used [0x00000000df800000,0x00000000df800000,0x00000000dfd00000)
 ParOldGen       total 81920K, used 18556K [0x0000000088000000, 0x000000008d000000, 0x00000000d8000000)
  object space 81920K, 22% used [0x0000000088000000,0x000000008921f068,0x000000008d000000)
 Metaspace       used 3664K, capacity 5144K, committed 5376K, reserved 1056768K
  class space    used 377K, capacity 456K, committed 512K, reserved 1048576K

Deoptimization events (3 events):
Event: 0,848 Thread 0x00007fa88000a000 Uncommon trap: reason=unstable_if action=reinterpret pc=0x00007fa8707234c0 method=java.lang.String.<init>([CII)V @ 18
Event: 0,849 Thread 0x00007fa88000a000 Uncommon trap: reason=unstable_if action=reinterpret pc=0x00007fa87074440c method=java.lang.String.<init>([CII)V @ 18
Event: 0,972 Thread 0x00007fa88000a000 Uncommon trap: reason=unstable_if action=reinterpret pc=0x00007fa87083c1e8 method=com.android.dx.cf.direct.StdAttributeFactory.parse0(Lcom/android/dx/cf/direct/DirectClassFile;ILjava/lang/String;IILcom/android/dx/cf/iface/ParseObserver;)Lcom/android/dx/cf

Internal exceptions (2 events):
Event: 0,311 Thread 0x00007fa88000a000 Exception <a 'java/lang/NoSuchMethodError': Method sun.misc.Unsafe.defineClass(Ljava/lang/String;[BII)Ljava/lang/Class; name or signature does not match> (0x00000000d8007cc0) thrown at [/ssd/Android/AOSP-openjdk/external/jetbrains/jdk/hotspot/src/share/vm
Event: 0,312 Thread 0x00007fa88000a000 Exception <a 'java/lang/NoSuchMethodError': Method sun.misc.Unsafe.prefetchRead(Ljava/lang/Object;J)V name or signature does not match> (0x00000000d8007fa8) thrown at [/ssd/Android/AOSP-openjdk/external/jetbrains/jdk/hotspot/src/share/vm/prims/jni.cpp, li

Events (10 events):
Event: 1,435 Thread 0x00007fa88000a000 DEOPT UNPACKING pc=0x00007fa8705eb373 sp=0x00007fa8864f8010 mode 0
Event: 1,596 Executing VM operation: ParallelGCFailedAllocation
Event: 1,632 Executing VM operation: ParallelGCFailedAllocation done
Event: 1,756 loading class com/android/dx/cf/attrib/AttRuntimeVisibleParameterAnnotations
Event: 1,756 loading class com/android/dx/cf/attrib/AttRuntimeVisibleParameterAnnotations done
Event: 1,770 Executing VM operation: Deoptimize
Event: 1,770 Executing VM operation: Deoptimize done
Event: 1,911 loading class java/util/ArrayList$1
Event: 1,932 loading class java/util/ArrayList$1 done
Event: 2,029 Executing VM operation: ParallelGCFailedAllocation


Dynamic libraries:
00400000-00401000 r-xp 00000000 08:05 263653                             /usr/local/android/jre/bin/java
00600000-00601000 r--p 00000000 08:05 263653                             /usr/local/android/jre/bin/java
00601000-00602000 rw-p 00001000 08:05 263653                             /usr/local/android/jre/bin/java
0074a000-0076b000 rw-p 00000000 00:00 0                                  [heap]
88000000-8d000000 rw-p 00000000 00:00 0 
8d000000-d8000000 ---p 00000000 00:00 0 
d8000000-e0200000 rw-p 00000000 00:00 0 
ea600000-100000000 ---p 00000000 00:00 0 
100000000-100080000 rw-p 00000000 00:00 0 
100080000-140000000 ---p 00000000 00:00 0 
7fa830000000-7fa830021000 rw-p 00000000 00:00 0 
7fa830021000-7fa834000000 ---p 00000000 00:00 0 
7fa838000000-7fa8387a3000 rw-p 00000000 00:00 0 
7fa8387a3000-7fa83c000000 ---p 00000000 00:00 0 
7fa83c000000-7fa83c021000 rw-p 00000000 00:00 0 
7fa83c021000-7fa840000000 ---p 00000000 00:00 0 
7fa840000000-7fa841858000 rw-p 00000000 00:00 0 
7fa841858000-7fa844000000 ---p 00000000 00:00 0 
7fa844000000-7fa8453dc000 rw-p 00000000 00:00 0 
7fa8453dc000-7fa848000000 ---p 00000000 00:00 0 
7fa848000000-7fa848021000 rw-p 00000000 00:00 0 
7fa848021000-7fa84c000000 ---p 00000000 00:00 0 
7fa84c000000-7fa84c021000 rw-p 00000000 00:00 0 
7fa84c021000-7fa850000000 ---p 00000000 00:00 0 
7fa850000000-7fa85027d000 rw-p 00000000 00:00 0 
7fa85027d000-7fa854000000 ---p 00000000 00:00 0 
7fa854000000-7fa854021000 rw-p 00000000 00:00 0 
7fa854021000-7fa858000000 ---p 00000000 00:00 0 
7fa858000000-7fa858021000 rw-p 00000000 00:00 0 
7fa858021000-7fa85c000000 ---p 00000000 00:00 0 
7fa85c400000-7fa860000000 rw-p 00000000 00:00 0 
7fa860000000-7fa860021000 rw-p 00000000 00:00 0 
7fa860021000-7fa864000000 ---p 00000000 00:00 0 
7fa864000000-7fa864021000 rw-p 00000000 00:00 0 
7fa864021000-7fa868000000 ---p 00000000 00:00 0 
7fa868000000-7fa868021000 rw-p 00000000 00:00 0 
7fa868021000-7fa86c000000 ---p 00000000 00:00 0 
7fa86cd58000-7fa86cd80000 rw-p 00000000 00:00 0 
7fa86cd80000-7fa86ce71000 r--s 00ad5000 08:05 6292513                    /home/blue/AndroidStudioProjects/Sigap/app/build/intermediates/transforms/jarMerging/debug/jars/1/1f/combined.jar
7fa86ce71000-7fa86ce72000 ---p 00000000 00:00 0 
7fa86ce72000-7fa86cf72000 rw-p 00000000 00:00 0 
7fa86cf72000-7fa86cf75000 ---p 00000000 00:00 0 
7fa86cf75000-7fa86d073000 rw-p 00000000 00:00 0 
7fa86d073000-7fa86d076000 ---p 00000000 00:00 0 
7fa86d076000-7fa86d174000 rw-p 00000000 00:00 0 
7fa86d174000-7fa86d177000 ---p 00000000 00:00 0 
7fa86d177000-7fa86d275000 rw-p 00000000 00:00 0 
7fa86d275000-7fa86d278000 ---p 00000000 00:00 0 
7fa86d278000-7fa86d376000 rw-p 00000000 00:00 0 
7fa86d376000-7fa86d379000 ---p 00000000 00:00 0 
7fa86d379000-7fa86d477000 rw-p 00000000 00:00 0 
7fa86d477000-7fa86d750000 r--p 00000000 08:05 2491696                    /usr/lib/locale/locale-archive
7fa86d750000-7fa86d753000 ---p 00000000 00:00 0 
7fa86d753000-7fa86d851000 rw-p 00000000 00:00 0 
7fa86d851000-7fa86d854000 ---p 00000000 00:00 0 
7fa86d854000-7fa86d952000 rw-p 00000000 00:00 0 
7fa86d952000-7fa86d953000 ---p 00000000 00:00 0 
7fa86d953000-7fa86ea12000 rw-p 00000000 00:00 0 
7fa86ea12000-7fa86ebdf000 r--s 03bec000 08:05 263710                     /usr/local/android/jre/jre/lib/rt.jar
7fa86ebdf000-7fa86f09f000 rw-p 00000000 00:00 0 
7fa86f09f000-7fa86f3df000 ---p 00000000 00:00 0 
7fa86f3df000-7fa86f79f000 rw-p 00000000 00:00 0 
7fa86f79f000-7fa86f7a0000 ---p 00000000 00:00 0 
7fa86f7a0000-7fa86f8a0000 rw-p 00000000 00:00 0 
7fa86f8a0000-7fa86f8a1000 ---p 00000000 00:00 0 
7fa86f8a1000-7fa86f9a1000 rw-p 00000000 00:00 0 
7fa86f9a1000-7fa86f9a2000 ---p 00000000 00:00 0 
7fa86f9a2000-7fa86faa2000 rw-p 00000000 00:00 0 
7fa86faa2000-7fa86faa3000 ---p 00000000 00:00 0 
7fa86faa3000-7fa86fbcb000 rw-p 00000000 00:00 0 
7fa86fbcb000-7fa86fe23000 ---p 00000000 00:00 0 
7fa86fe23000-7fa86fe4b000 rw-p 00000000 00:00 0 
7fa86fe4b000-7fa8700a3000 ---p 00000000 00:00 0 
7fa8700a3000-7fa8700e4000 rw-p 00000000 00:00 0 
7fa8700e4000-7fa8701e3000 ---p 00000000 00:00 0 
7fa8701e3000-7fa8701f4000 rw-p 00000000 00:00 0 
7fa8701f4000-7fa8705a4000 ---p 00000000 00:00 0 
7fa8705a4000-7fa870974000 rwxp 00000000 00:00 0 
7fa870974000-7fa87f5a4000 ---p 00000000 00:00 0 
7fa87f5a4000-7fa87f5be000 r-xp 00000000 08:05 263737                     /usr/local/android/jre/jre/lib/amd64/libzip.so
7fa87f5be000-7fa87f7be000 ---p 0001a000 08:05 263737                     /usr/local/android/jre/jre/lib/amd64/libzip.so
7fa87f7be000-7fa87f7bf000 r--p 0001a000 08:05 263737                     /usr/local/android/jre/jre/lib/amd64/libzip.so
7fa87f7bf000-7fa87f7c0000 rw-p 0001b000 08:05 263737                     /usr/local/android/jre/jre/lib/amd64/libzip.so
7fa87f7c0000-7fa87f7cb000 r-xp 00000000 08:05 3419964                    /lib/x86_64-linux-gnu/libnss_files-2.23.so
7fa87f7cb000-7fa87f9ca000 ---p 0000b000 08:05 3419964                    /lib/x86_64-linux-gnu/libnss_files-2.23.so
7fa87f9ca000-7fa87f9cb000 r--p 0000a000 08:05 3419964                    /lib/x86_64-linux-gnu/libnss_files-2.23.so
7fa87f9cb000-7fa87f9cc000 rw-p 0000b000 08:05 3419964                    /lib/x86_64-linux-gnu/libnss_files-2.23.so
7fa87f9cc000-7fa87f9d2000 rw-p 00000000 00:00 0 
7fa87f9d2000-7fa87f9dd000 r-xp 00000000 08:05 3419961                    /lib/x86_64-linux-gnu/libnss_nis-2.23.so
7fa87f9dd000-7fa87fbdc000 ---p 0000b000 08:05 3419961                    /lib/x86_64-linux-gnu/libnss_nis-2.23.so
7fa87fbdc000-7fa87fbdd000 r--p 0000a000 08:05 3419961                    /lib/x86_64-linux-gnu/libnss_nis-2.23.so
7fa87fbdd000-7fa87fbde000 rw-p 0000b000 08:05 3419961                    /lib/x86_64-linux-gnu/libnss_nis-2.23.so
7fa87fbde000-7fa87fbf4000 r-xp 00000000 08:05 3419959                    /lib/x86_64-linux-gnu/libnsl-2.23.so
7fa87fbf4000-7fa87fdf3000 ---p 00016000 08:05 3419959                    /lib/x86_64-linux-gnu/libnsl-2.23.so
7fa87fdf3000-7fa87fdf4000 r--p 00015000 08:05 3419959                    /lib/x86_64-linux-gnu/libnsl-2.23.so
7fa87fdf4000-7fa87fdf5000 rw-p 00016000 08:05 3419959                    /lib/x86_64-linux-gnu/libnsl-2.23.so
7fa87fdf5000-7fa87fdf7000 rw-p 00000000 00:00 0 
7fa87fdf7000-7fa87fdff000 r-xp 00000000 08:05 3419957                    /lib/x86_64-linux-gnu/libnss_compat-2.23.so
7fa87fdff000-7fa87fffe000 ---p 00008000 08:05 3419957                    /lib/x86_64-linux-gnu/libnss_compat-2.23.so
7fa87fffe000-7fa87ffff000 r--p 00007000 08:05 3419957                    /lib/x86_64-linux-gnu/libnss_compat-2.23.so
7fa87ffff000-7fa880000000 rw-p 00008000 08:05 3419957                    /lib/x86_64-linux-gnu/libnss_compat-2.23.so
7fa880000000-7fa8803aa000 rw-p 00000000 00:00 0 
7fa8803aa000-7fa884000000 ---p 00000000 00:00 0 
7fa88401c000-7fa8840b3000 rw-p 00000000 00:00 0 
7fa8840b3000-7fa8840e0000 r-xp 00000000 08:05 263747                     /usr/local/android/jre/jre/lib/amd64/libjava.so
7fa8840e0000-7fa8842df000 ---p 0002d000 08:05 263747                     /usr/local/android/jre/jre/lib/amd64/libjava.so
7fa8842df000-7fa8842e0000 r--p 0002c000 08:05 263747                     /usr/local/android/jre/jre/lib/amd64/libjava.so
7fa8842e0000-7fa8842e2000 rw-p 0002d000 08:05 263747                     /usr/local/android/jre/jre/lib/amd64/libjava.so
7fa8842e2000-7fa8842f2000 r-xp 00000000 08:05 263763                     /usr/local/android/jre/jre/lib/amd64/libverify.so
7fa8842f2000-7fa8844f1000 ---p 00010000 08:05 263763                     /usr/local/android/jre/jre/lib/amd64/libverify.so
7fa8844f1000-7fa8844f3000 r--p 0000f000 08:05 263763                     /usr/local/android/jre/jre/lib/amd64/libverify.so
7fa8844f3000-7fa8844f4000 rw-p 00011000 08:05 263763                     /usr/local/android/jre/jre/lib/amd64/libverify.so
7fa8844f4000-7fa8844fb000 r-xp 00000000 08:05 3419973                    /lib/x86_64-linux-gnu/librt-2.23.so
7fa8844fb000-7fa8846fa000 ---p 00007000 08:05 3419973                    /lib/x86_64-linux-gnu/librt-2.23.so
7fa8846fa000-7fa8846fb000 r--p 00006000 08:05 3419973                    /lib/x86_64-linux-gnu/librt-2.23.so
7fa8846fb000-7fa8846fc000 rw-p 00007000 08:05 3419973                    /lib/x86_64-linux-gnu/librt-2.23.so
7fa8846fc000-7fa884804000 r-xp 00000000 08:05 3419970                    /lib/x86_64-linux-gnu/libm-2.23.so
7fa884804000-7fa884a03000 ---p 00108000 08:05 3419970                    /lib/x86_64-linux-gnu/libm-2.23.so
7fa884a03000-7fa884a04000 r--p 00107000 08:05 3419970                    /lib/x86_64-linux-gnu/libm-2.23.so
7fa884a04000-7fa884a05000 rw-p 00108000 08:05 3419970                    /lib/x86_64-linux-gnu/libm-2.23.so
7fa884a05000-7fa8855eb000 r-xp 00000000 08:05 263767                     /usr/local/android/jre/jre/lib/amd64/server/libjvm.so
7fa8855eb000-7fa8857eb000 ---p 00be6000 08:05 263767                     /usr/local/android/jre/jre/lib/amd64/server/libjvm.so
7fa8857eb000-7fa88588a000 r--p 00be6000 08:05 263767                     /usr/local/android/jre/jre/lib/amd64/server/libjvm.so
7fa88588a000-7fa8858b3000 rw-p 00c85000 08:05 263767                     /usr/local/android/jre/jre/lib/amd64/server/libjvm.so
7fa8858b3000-7fa8858f5000 rw-p 00000000 00:00 0 
7fa8858f5000-7fa88590d000 r-xp 00000000 08:05 3419977                    /lib/x86_64-linux-gnu/libpthread-2.23.so
7fa88590d000-7fa885b0c000 ---p 00018000 08:05 3419977                    /lib/x86_64-linux-gnu/libpthread-2.23.so
7fa885b0c000-7fa885b0d000 r--p 00017000 08:05 3419977                    /lib/x86_64-linux-gnu/libpthread-2.23.so
7fa885b0d000-7fa885b0e000 rw-p 00018000 08:05 3419977                    /lib/x86_64-linux-gnu/libpthread-2.23.so
7fa885b0e000-7fa885b12000 rw-p 00000000 00:00 0 
7fa885b12000-7fa885b15000 r-xp 00000000 08:05 3419979                    /lib/x86_64-linux-gnu/libdl-2.23.so
7fa885b15000-7fa885d14000 ---p 00003000 08:05 3419979                    /lib/x86_64-linux-gnu/libdl-2.23.so
7fa885d14000-7fa885d15000 r--p 00002000 08:05 3419979                    /lib/x86_64-linux-gnu/libdl-2.23.so
7fa885d15000-7fa885d16000 rw-p 00003000 08:05 3419979                    /lib/x86_64-linux-gnu/libdl-2.23.so
7fa885d16000-7fa885ed5000 r-xp 00000000 08:05 3419978                    /lib/x86_64-linux-gnu/libc-2.23.so
7fa885ed5000-7fa8860d5000 ---p 001bf000 08:05 3419978                    /lib/x86_64-linux-gnu/libc-2.23.so
7fa8860d5000-7fa8860d9000 r--p 001bf000 08:05 3419978                    /lib/x86_64-linux-gnu/libc-2.23.so
7fa8860d9000-7fa8860db000 rw-p 001c3000 08:05 3419978                    /lib/x86_64-linux-gnu/libc-2.23.so
7fa8860db000-7fa8860df000 rw-p 00000000 00:00 0 
7fa8860df000-7fa8860f5000 r-xp 00000000 08:05 263627                     /usr/local/android/jre/lib/amd64/jli/libjli.so
7fa8860f5000-7fa8862f4000 ---p 00016000 08:05 263627                     /usr/local/android/jre/lib/amd64/jli/libjli.so
7fa8862f4000-7fa8862f5000 r--p 00015000 08:05 263627                     /usr/local/android/jre/lib/amd64/jli/libjli.so
7fa8862f5000-7fa8862f6000 rw-p 00016000 08:05 263627                     /usr/local/android/jre/lib/amd64/jli/libjli.so
7fa8862f6000-7fa88631c000 r-xp 00000000 08:05 3419974                    /lib/x86_64-linux-gnu/ld-2.23.so
7fa886327000-7fa88632f000 r--s 00025000 08:05 5122071                    /home/blue/AndroidStudioProjects/Sigap/app/build/intermediates/multi-dex/debug/componentClasses.jar
7fa88632f000-7fa8863f9000 rw-p 00000000 00:00 0 
7fa8863f9000-7fa8863fc000 ---p 00000000 00:00 0 
7fa8863fc000-7fa8864fe000 rw-p 00000000 00:00 0 
7fa886501000-7fa88650f000 r--s 000e0000 08:05 2236092                    /home/blue/Android/Sdk/build-tools/24.0.0/lib/dx.jar
7fa88650f000-7fa886517000 rw-s 00000000 08:05 2114985                    /tmp/hsperfdata_blue/31179
7fa886517000-7fa886518000 rw-p 00000000 00:00 0 
7fa886518000-7fa886519000 ---p 00000000 00:00 0 
7fa886519000-7fa88651b000 rw-p 00000000 00:00 0 
7fa88651b000-7fa88651c000 r--p 00025000 08:05 3419974                    /lib/x86_64-linux-gnu/ld-2.23.so
7fa88651c000-7fa88651d000 rw-p 00026000 08:05 3419974                    /lib/x86_64-linux-gnu/ld-2.23.so
7fa88651d000-7fa88651e000 rw-p 00000000 00:00 0 
7ffdaec31000-7ffdaec52000 rw-p 00000000 00:00 0                          [stack]
7ffdaed82000-7ffdaed84000 r--p 00000000 00:00 0                          [vvar]
7ffdaed84000-7ffdaed86000 r-xp 00000000 00:00 0                          [vdso]
ffffffffff600000-ffffffffff601000 r-xp 00000000 00:00 0                  [vsyscall]

VM Arguments:
jvm_args: -Djava.awt.headless=true -Dfile.encoding=UTF-8 -Duser.country=US -Duser.language=en -Duser.variant 
java_command: com.android.multidex.ClassReferenceListBuilder /home/blue/AndroidStudioProjects/Sigap/app/build/intermediates/multi-dex/debug/componentClasses.jar /home/blue/AndroidStudioProjects/Sigap/app/build/intermediates/transforms/jarMerging/debug/jars/1/1f/combined.jar
java_class_path (initial): /home/blue/Android/Sdk/build-tools/24.0.0/lib/dx.jar
Launcher Type: SUN_STANDARD

Environment Variables:
JAVA_HOME=/usr/lib/jvm/java-8-oracle
PATH=/usr/local/sbin:/usr/local/bin:/usr/sbin:/usr/bin:/sbin:/bin:/usr/games:/usr/local/games";:/snap/bin:/usr/lib/jvm/java-8-oracle/bin:/usr/lib/jvm/java-8-oracle/db/bin:/usr/lib/jvm/java-8-oracle/jre/bin
LD_LIBRARY_PATH=/usr/local/android/bin:
SHELL=/bin/bash
DISPLAY=:0

Signal Handlers:
SIGSEGV: [libjvm.so+0x9daac0], sa_mask[0]=11111111011111111101111111111110, sa_flags=SA_RESTART|SA_SIGINFO
SIGBUS: [libjvm.so+0x9daac0], sa_mask[0]=11111111011111111101111111111110, sa_flags=SA_RESTART|SA_SIGINFO
SIGFPE: [libjvm.so+0x840d90], sa_mask[0]=11111111011111111101111111111110, sa_flags=SA_RESTART|SA_SIGINFO
SIGPIPE: [libjvm.so+0x840d90], sa_mask[0]=11111111011111111101111111111110, sa_flags=SA_RESTART|SA_SIGINFO
SIGXFSZ: [libjvm.so+0x840d90], sa_mask[0]=11111111011111111101111111111110, sa_flags=SA_RESTART|SA_SIGINFO
SIGILL: [libjvm.so+0x840d90], sa_mask[0]=11111111011111111101111111111110, sa_flags=SA_RESTART|SA_SIGINFO
SIGUSR1: SIG_DFL, sa_mask[0]=00000000000000000000000000000000, sa_flags=none
SIGUSR2: [libjvm.so+0x840c60], sa_mask[0]=00100000000000000000000000000000, sa_flags=SA_RESTART|SA_SIGINFO
SIGHUP: [libjvm.so+0x840e50], sa_mask[0]=11111111011111111101111111111110, sa_flags=SA_RESTART|SA_SIGINFO
SIGINT: [libjvm.so+0x840e50], sa_mask[0]=11111111011111111101111111111110, sa_flags=SA_RESTART|SA_SIGINFO
SIGTERM: [libjvm.so+0x840e50], sa_mask[0]=11111111011111111101111111111110, sa_flags=SA_RESTART|SA_SIGINFO
SIGQUIT: [libjvm.so+0x840e50], sa_mask[0]=11111111011111111101111111111110, sa_flags=SA_RESTART|SA_SIGINFO


---------------  S Y S T E M  ---------------

OS:DISTRIB_ID=Ubuntu
DISTRIB_RELEASE=16.04
DISTRIB_CODENAME=xenial
DISTRIB_DESCRIPTION="Ubuntu 16.04.1 LTS"

uname:Linux 4.4.0-47-generic #68-Ubuntu SMP Wed Oct 26 19:39:52 UTC 2016 x86_64
libc:glibc 2.23 NPTL 2.23 
rlimit: STACK 8192k, CORE 0k, NPROC 30540, NOFILE 65536, AS infinity
load average:1,09 1,16 0,89

/proc/meminfo:
MemTotal:        7858720 kB
MemFree:          154784 kB
MemAvailable:      65884 kB
Buffers:            2044 kB
Cached:           546332 kB
SwapCached:            0 kB
Active:          7066240 kB
Inactive:         455720 kB
Active(anon):    7043444 kB
Inactive(anon):   430828 kB
Active(file):      22796 kB
Inactive(file):    24892 kB
Unevictable:          48 kB
Mlocked:              48 kB
SwapTotal:             0 kB
SwapFree:              0 kB
Dirty:             12488 kB
Writeback:             0 kB
AnonPages:       6973792 kB
Mapped:           216644 kB
Shmem:            500528 kB
Slab:              83020 kB
SReclaimable:      44476 kB
SUnreclaim:        38544 kB
KernelStack:       10848 kB
PageTables:        44820 kB
NFS_Unstable:          0 kB
Bounce:                0 kB
WritebackTmp:          0 kB
CommitLimit:     3929360 kB
Committed_AS:   10577740 kB
VmallocTotal:   34359738367 kB
VmallocUsed:           0 kB
VmallocChunk:          0 kB
HardwareCorrupted:     0 kB
AnonHugePages:   4636672 kB
CmaTotal:              0 kB
CmaFree:               0 kB
HugePages_Total:       0
HugePages_Free:        0
HugePages_Rsvd:        0
HugePages_Surp:        0
Hugepagesize:       2048 kB
DirectMap4k:      160748 kB
DirectMap2M:     7907328 kB


CPU:total 4 (4 cores per cpu, 1 threads per core) family 6 model 58 stepping 9, cmov, cx8, fxsr, mmx, sse, sse2, sse3, ssse3, sse4.1, sse4.2, popcnt, avx, aes, clmul, erms, tsc, tscinvbit, tscinv

/proc/cpuinfo:
processor	: 0
vendor_id	: GenuineIntel
cpu family	: 6
model		: 58
model name	: Intel(R) Core(TM) i5-3330 CPU @ 3.00GHz
stepping	: 9
microcode	: 0x1c
cpu MHz		: 1777.500
cache size	: 6144 KB
physical id	: 0
siblings	: 4
core id		: 0
cpu cores	: 4
apicid		: 0
initial apicid	: 0
fpu		: yes
fpu_exception	: yes
cpuid level	: 13
wp		: yes
flags		: fpu vme de pse tsc msr pae mce cx8 apic sep mtrr pge mca cmov pat pse36 clflush dts acpi mmx fxsr sse sse2 ss ht tm pbe syscall nx rdtscp lm constant_tsc arch_perfmon pebs bts rep_good nopl xtopology nonstop_tsc aperfmperf eagerfpu pni pclmulqdq dtes64 monitor ds_cpl vmx est tm2 ssse3 cx16 xtpr pdcm pcid sse4_1 sse4_2 x2apic popcnt tsc_deadline_timer aes xsave avx f16c rdrand lahf_lm epb tpr_shadow vnmi flexpriority ept vpid fsgsbase smep erms xsaveopt dtherm ida arat pln pts
bugs		:
bogomips	: 5999.92
clflush size	: 64
cache_alignment	: 64
address sizes	: 36 bits physical, 48 bits virtual
power management:

processor	: 1
vendor_id	: GenuineIntel
cpu family	: 6
model		: 58
model name	: Intel(R) Core(TM) i5-3330 CPU @ 3.00GHz
stepping	: 9
microcode	: 0x1c
cpu MHz		: 1703.437
cache size	: 6144 KB
physical id	: 0
siblings	: 4
core id		: 1
cpu cores	: 4
apicid		: 2
initial apicid	: 2
fpu		: yes
fpu_exception	: yes
cpuid level	: 13
wp		: yes
flags		: fpu vme de pse tsc msr pae mce cx8 apic sep mtrr pge mca cmov pat pse36 clflush dts acpi mmx fxsr sse sse2 ss ht tm pbe syscall nx rdtscp lm constant_tsc arch_perfmon pebs bts rep_good nopl xtopology nonstop_tsc aperfmperf eagerfpu pni pclmulqdq dtes64 monitor ds_cpl vmx est tm2 ssse3 cx16 xtpr pdcm pcid sse4_1 sse4_2 x2apic popcnt tsc_deadline_timer aes xsave avx f16c rdrand lahf_lm epb tpr_shadow vnmi flexpriority ept vpid fsgsbase smep erms xsaveopt dtherm ida arat pln pts
bugs		:
bogomips	: 5999.92
clflush size	: 64
cache_alignment	: 64
address sizes	: 36 bits physical, 48 bits virtual
power management:

processor	: 2
vendor_id	: GenuineIntel
cpu family	: 6
model		: 58
model name	: Intel(R) Core(TM) i5-3330 CPU @ 3.00GHz
stepping	: 9
microcode	: 0x1c
cpu MHz		: 1699.804
cache size	: 6144 KB
physical id	: 0
siblings	: 4
core id		: 2
cpu cores	: 4
apicid		: 4
initial apicid	: 4
fpu		: yes
fpu_exception	: yes
cpuid level	: 13
wp		: yes
flags		: fpu vme de pse tsc msr pae mce cx8 apic sep mtrr pge mca cmov pat pse36 clflush dts acpi mmx fxsr sse sse2 ss ht tm pbe syscall nx rdtscp lm constant_tsc arch_perfmon pebs bts rep_good nopl xtopology nonstop_tsc aperfmperf eagerfpu pni pclmulqdq dtes64 monitor ds_cpl vmx est tm2 ssse3 cx16 xtpr pdcm pcid sse4_1 sse4_2 x2apic popcnt tsc_deadline_timer aes xsave avx f16c rdrand lahf_lm epb tpr_shadow vnmi flexpriority ept vpid fsgsbase smep erms xsaveopt dtherm ida arat pln pts
bugs		:
bogomips	: 5999.92
clflush size	: 64
cache_alignment	: 64
address sizes	: 36 bits physical, 48 bits virtual
power management:

processor	: 3
vendor_id	: GenuineIntel
cpu family	: 6
model		: 58
model name	: Intel(R) Core(TM) i5-3330 CPU @ 3.00GHz
stepping	: 9
microcode	: 0x1c
cpu MHz		: 1798.125
cache size	: 6144 KB
physical id	: 0
siblings	: 4
core id		: 3
cpu cores	: 4
apicid		: 6
initial apicid	: 6
fpu		: yes
fpu_exception	: yes
cpuid level	: 13
wp		: yes
flags		: fpu vme de pse tsc msr pae mce cx8 apic sep mtrr pge mca cmov pat pse36 clflush dts acpi mmx fxsr sse sse2 ss ht tm pbe syscall nx rdtscp lm constant_tsc arch_perfmon pebs bts rep_good nopl xtopology nonstop_tsc aperfmperf eagerfpu pni pclmulqdq dtes64 monitor ds_cpl vmx est tm2 ssse3 cx16 xtpr pdcm pcid sse4_1 sse4_2 x2apic popcnt tsc_deadline_timer aes xsave avx f16c rdrand lahf_lm epb tpr_shadow vnmi flexpriority ept vpid fsgsbase smep erms xsaveopt dtherm ida arat pln pts
bugs		:
bogomips	: 5999.92
clflush size	: 64
cache_alignment	: 64
address sizes	: 36 bits physical, 48 bits virtual
power management:



Memory: 4k page, physical 7858720k(154784k free), swap 0k(0k free)

vm_info: OpenJDK 64-Bit Server VM (25.76-b03) for linux-amd64 JRE (1.8.0_76-release-b03), built on Jun 29 2016 09:39:19 by "builder" with gcc 4.8.4

time: Mon Nov 21 13:10:56 2016
elapsed time: 4 seconds (0d 0h 0m 4s)

